<?xml version="1.0" encoding="UTF-8"?>
<!-- Generated by org.testng.reporters.JUnitReportReporter -->
<testsuite hostname="Yogeshs-MacBook-Air.local" failures="0" tests="1" name="com.happy.tests.HomePageTest" time="1.007" errors="0" timestamp="2022-06-14T15:54:26 IST" skipped="0">
  <testcase classname="com.happy.tests.HomePageTest" name="login" time="1.007"/>
  <system-out/>
</testsuite> <!-- com.happy.tests.HomePageTest -->
