<?xml version="1.0" encoding="UTF-8"?>
<!-- Generated by org.testng.reporters.JUnitReportReporter -->
<testsuite hostname="Yogeshs-MacBook-Air.local" failures="0" tests="1" name="com.happy.tests.HomePageTest" time="0.884" errors="0" timestamp="2022-06-18T12:39:41 IST" skipped="0">
  <testcase classname="com.happy.tests.HomePageTest" name="login" time="0.884"/>
  <system-out/>
</testsuite> <!-- com.happy.tests.HomePageTest -->
